[debug] [2023-05-09T10:00:47.588Z] ----------------------------------------------------------------------
[debug] [2023-05-09T10:00:47.591Z] Command:       C:\Program Files\nodejs\node.exe C:\Users\AhmedElzawawy\AppData\Roaming\npm\node_modules\firebase-tools\lib\bin\firebase.js deploy
[debug] [2023-05-09T10:00:47.591Z] CLI Version:   11.29.1
[debug] [2023-05-09T10:00:47.591Z] Platform:      win32
[debug] [2023-05-09T10:00:47.592Z] Node Version:  v18.14.2
[debug] [2023-05-09T10:00:47.593Z] Time:          Tue May 09 2023 12:00:47 GMT+0200 (Eastern European Standard Time)
[debug] [2023-05-09T10:00:47.593Z] ----------------------------------------------------------------------
[debug] 
[debug] [2023-05-09T10:00:47.676Z] > command requires scopes: ["email","openid","https://www.googleapis.com/auth/cloudplatformprojects.readonly","https://www.googleapis.com/auth/firebase","https://www.googleapis.com/auth/cloud-platform"]
[debug] [2023-05-09T10:00:47.676Z] > authorizing via signed-in user (aelzawawy45@gmail.com)
[debug] [2023-05-09T10:00:47.676Z] [iam] checking project inreach-af837 for permissions ["firebase.projects.get","firebasehosting.sites.update"]
[debug] [2023-05-09T10:00:47.679Z] >>> [apiv2][query] POST https://cloudresourcemanager.googleapis.com/v1/projects/inreach-af837:testIamPermissions [none]
[debug] [2023-05-09T10:00:47.679Z] >>> [apiv2][(partial)header] POST https://cloudresourcemanager.googleapis.com/v1/projects/inreach-af837:testIamPermissions x-goog-quota-user=projects/inreach-af837
[debug] [2023-05-09T10:00:47.679Z] >>> [apiv2][body] POST https://cloudresourcemanager.googleapis.com/v1/projects/inreach-af837:testIamPermissions {"permissions":["firebase.projects.get","firebasehosting.sites.update"]}
[debug] [2023-05-09T10:00:48.638Z] <<< [apiv2][status] POST https://cloudresourcemanager.googleapis.com/v1/projects/inreach-af837:testIamPermissions 200
[debug] [2023-05-09T10:00:48.639Z] <<< [apiv2][body] POST https://cloudresourcemanager.googleapis.com/v1/projects/inreach-af837:testIamPermissions {"permissions":["firebase.projects.get","firebasehosting.sites.update"]}
[debug] [2023-05-09T10:00:48.641Z] >>> [apiv2][query] GET https://firebase.googleapis.com/v1beta1/projects/inreach-af837 [none]
[debug] [2023-05-09T10:00:49.048Z] <<< [apiv2][status] GET https://firebase.googleapis.com/v1beta1/projects/inreach-af837 200
[debug] [2023-05-09T10:00:49.048Z] <<< [apiv2][body] GET https://firebase.googleapis.com/v1beta1/projects/inreach-af837 {"projectId":"inreach-af837","projectNumber":"229176763315","displayName":"Reach","name":"projects/inreach-af837","resources":{"hostingSite":"inreach-af837"},"state":"ACTIVE","etag":"1_9b83d9a7-18b3-4a7f-97e2-4090021cb17a"}
[info] 
[info] === Deploying to 'inreach-af837'...
[info] 
[info] i  deploying hosting 
[debug] [2023-05-09T10:00:49.056Z] >>> [apiv2][query] POST https://firebasehosting.googleapis.com/v1beta1/projects/-/sites/inreach-af837/versions [none]
[debug] [2023-05-09T10:00:49.056Z] >>> [apiv2][body] POST https://firebasehosting.googleapis.com/v1beta1/projects/-/sites/inreach-af837/versions {"status":"CREATED","labels":{"deployment-tool":"cli-firebase"}}
[debug] [2023-05-09T10:00:50.481Z] <<< [apiv2][status] POST https://firebasehosting.googleapis.com/v1beta1/projects/-/sites/inreach-af837/versions 200
[debug] [2023-05-09T10:00:50.482Z] <<< [apiv2][body] POST https://firebasehosting.googleapis.com/v1beta1/projects/-/sites/inreach-af837/versions {"name":"projects/229176763315/sites/inreach-af837/versions/91a7ca84fc2a090f","status":"CREATED","config":{},"labels":{"deployment-tool":"cli-firebase"}}
[info] i  hosting[inreach-af837]: beginning deploy... 
[info] i  hosting[inreach-af837]: found 29 files in dist/reach 
[debug] [2023-05-09T10:00:50.497Z] [hosting] uploading with 200 concurrency
[debug] [2023-05-09T10:00:50.505Z] [hosting] hash cache [ZGlzdFxyZWFjaA] stored for 29 files
[debug] [2023-05-09T10:00:50.505Z] [hosting][hash queue][FINAL] {"max":3,"min":1,"avg":1,"active":0,"complete":29,"success":29,"errored":0,"retried":0,"total":29,"elapsed":6}
[debug] [2023-05-09T10:00:50.505Z] >>> [apiv2][query] POST https://firebasehosting.googleapis.com/v1beta1/projects/229176763315/sites/inreach-af837/versions/91a7ca84fc2a090f:populateFiles [none]
[debug] [2023-05-09T10:00:50.505Z] >>> [apiv2][body] POST https://firebasehosting.googleapis.com/v1beta1/projects/229176763315/sites/inreach-af837/versions/91a7ca84fc2a090f:populateFiles {"files":{"/3rdpartylicenses.txt":"406c6f6b0f13f93b5949751f65deb14a734e754862e887df25876b91cbe75a73","/favicon.ico":"109b73fefcdc53efe78ee9026eb44dd4d63cffa11910ca0cbb677ba11c44f341","/firebase-messaging-sw.js":"ced49bb80379d811f099dc4c7ac78cc036d1444416779900430564ac39413e4a","/index.html":"d1d07f0f23c71debaa07fedecc55e624090b40e40af8362ec61981e4acebfbb7","/main.7cd0615edd92f6ee.js":"9aeb30d5dfa554ce4db0665d78a8170aeb803904978cfe9987f880bb1a20bdb0","/manifest.json":"b80c7cfd44e181257758fb7bb87e584c2ad324bfeffadd6bd421d1a9b7618b41","/manifest.webmanifest":"d143cf7659322a7974435006a4674a58212e5ffb81d46255a94a002ef79a2502","/ngsw-worker.js":"58af08f7c7a96ed5b4686c4bdc5bbf1bc0ea814b46b01bb0e6bbd4944b373185","/ngsw.json":"fc415ec2ef1d56f9c427d22ab46d4cabb4389aa6109eae13279dc27cdc425c50","/pin.0c94f48bc43fd638.png":"8c67f2ded4c5eec27cca9447e9a0d18b189fae9132f171187973db9ccfd2e884","/polyfills.9e93c152b1355c73.js":"63993d41c6bb3b2f4327ce90f1e639bed508ab36b862e393d2a97235b18abf64","/runtime.a6342075d35533c9.js":"91d36b1ef4863c554599c061272b795ad5c3e97c05f32eae6ce1ea2c1a7977b9","/safety-worker.js":"c6b39c5706f2a5d51e9a5de484c7aa0fdb06444572c7544f92a21fd16620ebf7","/scripts.c91eedceb4883133.js":"7aafdb0695fa7e1f431ced35ebd10c0e29768154f97439700d3784db520b6070","/styles.c871ee1039d060fe.css":"cfd400438dbf0a0a69cef781bf1d9bdbb6ee5cdb939c5a5ae2b9599daa77d5c9","/worker-basic.min.js":"c6b39c5706f2a5d51e9a5de484c7aa0fdb06444572c7544f92a21fd16620ebf7","/assets/34AD2.png":"2c87741e58ea105ecdc4dc9096c020a137d9fc6452a35e7681fc04a6bb012fbc","/assets/bg.jpg":"ebe2d65409d251f3d9bbc39ab043bae333ab621745166bed9c3890ccb812b7be","/assets/logo.png":"8d7a4141fd4a6c93c4f92c420e38fa08d79a4b1a719188cfdb70a496e898ecae","/assets/pin.png":"8c67f2ded4c5eec27cca9447e9a0d18b189fae9132f171187973db9ccfd2e884","/assets/reach-logo-white.png":"ec9f410348d5d082da49b8dd7cf4a4a0a2d581dd610841737909915e35aa8a3c","/assets/icons/icon-128x128.png":"92b217164ce7fa7a4e305149db998b0eec4107171c805c27b69b0fbe72fd407b","/assets/icons/icon-144x144.png":"db874c39d13b1caaeb2c1b479862e88392d2892aeb55cf3c8c4d3878aee26d0d","/assets/icons/icon-152x152.png":"d6e9a777f532c9c2e2ee4ae8281ff1a87d375a61f7ed3970d98f9e430b163315","/assets/icons/icon-192x192.png":"cb9dd2119d6a8ea3b520309439c29ce33bee3a8fe03d86583ebff8e300be1979","/assets/icons/icon-384x384.png":"525a112d6037049f4509cc871fd80138bae271a1789825bd444019fac1054582","/assets/icons/icon-512x512.png":"a27cb01b66bd01e1a26667502a4fa8d4b02fc9bb5bc01ef8c4f509ac1fb3c2a4","/assets/icons/icon-72x72.png":"30be84584a089450af7b203e7dc666a12d9567b8f903c464ed1a8781b8b5143d","/assets/icons/icon-96x96.png":"31570c027ff0c7fd39485717552c03bb62700e0184a8e7c28d269cfddb6aea13"}}
[debug] [2023-05-09T10:00:51.553Z] <<< [apiv2][status] POST https://firebasehosting.googleapis.com/v1beta1/projects/229176763315/sites/inreach-af837/versions/91a7ca84fc2a090f:populateFiles 200
[debug] [2023-05-09T10:00:51.554Z] <<< [apiv2][body] POST https://firebasehosting.googleapis.com/v1beta1/projects/229176763315/sites/inreach-af837/versions/91a7ca84fc2a090f:populateFiles {"uploadRequiredHashes":["9aeb30d5dfa554ce4db0665d78a8170aeb803904978cfe9987f880bb1a20bdb0"],"uploadUrl":"https://upload-firebasehosting.googleapis.com/upload/sites/inreach-af837/versions/91a7ca84fc2a090f/files"}
[debug] [2023-05-09T10:00:51.557Z] >>> [apiv2][query] POST https://upload-firebasehosting.googleapis.com/upload/sites/inreach-af837/versions/91a7ca84fc2a090f/files/9aeb30d5dfa554ce4db0665d78a8170aeb803904978cfe9987f880bb1a20bdb0 [none]
[debug] [2023-05-09T10:00:51.557Z] >>> [apiv2][body] POST https://upload-firebasehosting.googleapis.com/upload/sites/inreach-af837/versions/91a7ca84fc2a090f/files/9aeb30d5dfa554ce4db0665d78a8170aeb803904978cfe9987f880bb1a20bdb0 [stream]
[debug] [2023-05-09T10:00:51.562Z] [hosting][populate queue][FINAL] {"max":1054,"min":1054,"avg":1054,"active":0,"complete":1,"success":1,"errored":0,"retried":0,"total":1,"elapsed":1059}
[debug] [2023-05-09T10:00:51.562Z] [hosting] uploads queued: 1
[debug] [2023-05-09T10:01:55.415Z] [uploadQueue] Retrying task 9aeb30d5dfa554ce4db0665d78a8170aeb803904978cfe9987f880bb1a20bdb0
[debug] [2023-05-09T10:01:55.416Z] >>> [apiv2][query] POST https://upload-firebasehosting.googleapis.com/upload/sites/inreach-af837/versions/91a7ca84fc2a090f/files/9aeb30d5dfa554ce4db0665d78a8170aeb803904978cfe9987f880bb1a20bdb0 [none]
[debug] [2023-05-09T10:01:55.416Z] >>> [apiv2][body] POST https://upload-firebasehosting.googleapis.com/upload/sites/inreach-af837/versions/91a7ca84fc2a090f/files/9aeb30d5dfa554ce4db0665d78a8170aeb803904978cfe9987f880bb1a20bdb0 [stream]
[debug] [2023-05-09T10:02:59.676Z] [uploadQueue] Retrying task 9aeb30d5dfa554ce4db0665d78a8170aeb803904978cfe9987f880bb1a20bdb0
[debug] [2023-05-09T10:02:59.678Z] >>> [apiv2][query] POST https://upload-firebasehosting.googleapis.com/upload/sites/inreach-af837/versions/91a7ca84fc2a090f/files/9aeb30d5dfa554ce4db0665d78a8170aeb803904978cfe9987f880bb1a20bdb0 [none]
[debug] [2023-05-09T10:02:59.679Z] >>> [apiv2][body] POST https://upload-firebasehosting.googleapis.com/upload/sites/inreach-af837/versions/91a7ca84fc2a090f/files/9aeb30d5dfa554ce4db0665d78a8170aeb803904978cfe9987f880bb1a20bdb0 [stream]
[debug] [2023-05-09T10:04:03.614Z] ----------------------------------------------------------------------
[debug] [2023-05-09T10:04:03.617Z] Command:       C:\Program Files\nodejs\node.exe C:\Users\AhmedElzawawy\AppData\Roaming\npm\node_modules\firebase-tools\lib\bin\firebase.js deploy
[debug] [2023-05-09T10:04:03.617Z] CLI Version:   11.29.1
[debug] [2023-05-09T10:04:03.617Z] Platform:      win32
[debug] [2023-05-09T10:04:03.618Z] Node Version:  v18.14.2
[debug] [2023-05-09T10:04:03.619Z] Time:          Tue May 09 2023 12:04:03 GMT+0200 (Eastern European Standard Time)
[debug] [2023-05-09T10:04:03.619Z] ----------------------------------------------------------------------
[debug] 
[debug] [2023-05-09T10:04:03.714Z] > command requires scopes: ["email","openid","https://www.googleapis.com/auth/cloudplatformprojects.readonly","https://www.googleapis.com/auth/firebase","https://www.googleapis.com/auth/cloud-platform"]
[debug] [2023-05-09T10:04:03.714Z] > authorizing via signed-in user (aelzawawy45@gmail.com)
[debug] [2023-05-09T10:04:03.714Z] [iam] checking project inreach-af837 for permissions ["firebase.projects.get","firebasehosting.sites.update"]
[debug] [2023-05-09T10:04:03.717Z] >>> [apiv2][query] POST https://cloudresourcemanager.googleapis.com/v1/projects/inreach-af837:testIamPermissions [none]
[debug] [2023-05-09T10:04:03.717Z] >>> [apiv2][(partial)header] POST https://cloudresourcemanager.googleapis.com/v1/projects/inreach-af837:testIamPermissions x-goog-quota-user=projects/inreach-af837
[debug] [2023-05-09T10:04:03.717Z] >>> [apiv2][body] POST https://cloudresourcemanager.googleapis.com/v1/projects/inreach-af837:testIamPermissions {"permissions":["firebase.projects.get","firebasehosting.sites.update"]}
[debug] [2023-05-09T10:04:04.612Z] <<< [apiv2][status] POST https://cloudresourcemanager.googleapis.com/v1/projects/inreach-af837:testIamPermissions 200
[debug] [2023-05-09T10:04:04.612Z] <<< [apiv2][body] POST https://cloudresourcemanager.googleapis.com/v1/projects/inreach-af837:testIamPermissions {"permissions":["firebase.projects.get","firebasehosting.sites.update"]}
[debug] [2023-05-09T10:04:04.614Z] >>> [apiv2][query] GET https://firebase.googleapis.com/v1beta1/projects/inreach-af837 [none]
[debug] [2023-05-09T10:04:05.019Z] <<< [apiv2][status] GET https://firebase.googleapis.com/v1beta1/projects/inreach-af837 200
[debug] [2023-05-09T10:04:05.020Z] <<< [apiv2][body] GET https://firebase.googleapis.com/v1beta1/projects/inreach-af837 {"projectId":"inreach-af837","projectNumber":"229176763315","displayName":"Reach","name":"projects/inreach-af837","resources":{"hostingSite":"inreach-af837"},"state":"ACTIVE","etag":"1_9b83d9a7-18b3-4a7f-97e2-4090021cb17a"}
[info] 
[info] === Deploying to 'inreach-af837'...
[info] 
[info] i  deploying hosting 
[debug] [2023-05-09T10:04:05.030Z] >>> [apiv2][query] POST https://firebasehosting.googleapis.com/v1beta1/projects/-/sites/inreach-af837/versions [none]
[debug] [2023-05-09T10:04:05.030Z] >>> [apiv2][body] POST https://firebasehosting.googleapis.com/v1beta1/projects/-/sites/inreach-af837/versions {"status":"CREATED","labels":{"deployment-tool":"cli-firebase"}}
[debug] [2023-05-09T10:04:06.306Z] <<< [apiv2][status] POST https://firebasehosting.googleapis.com/v1beta1/projects/-/sites/inreach-af837/versions 200
[debug] [2023-05-09T10:04:06.306Z] <<< [apiv2][body] POST https://firebasehosting.googleapis.com/v1beta1/projects/-/sites/inreach-af837/versions {"name":"projects/229176763315/sites/inreach-af837/versions/b0285eded4ef8216","status":"CREATED","config":{},"labels":{"deployment-tool":"cli-firebase"}}
[info] i  hosting[inreach-af837]: beginning deploy... 
[info] i  hosting[inreach-af837]: found 29 files in dist/reach 
[debug] [2023-05-09T10:04:06.320Z] [hosting] uploading with 200 concurrency
[debug] [2023-05-09T10:04:06.329Z] [hosting] hash cache [ZGlzdFxyZWFjaA] stored for 29 files
[debug] [2023-05-09T10:04:06.329Z] [hosting][hash queue][FINAL] {"max":3,"min":0,"avg":0,"active":0,"complete":29,"success":29,"errored":0,"retried":0,"total":29,"elapsed":5}
[debug] [2023-05-09T10:04:06.330Z] >>> [apiv2][query] POST https://firebasehosting.googleapis.com/v1beta1/projects/229176763315/sites/inreach-af837/versions/b0285eded4ef8216:populateFiles [none]
[debug] [2023-05-09T10:04:06.330Z] >>> [apiv2][body] POST https://firebasehosting.googleapis.com/v1beta1/projects/229176763315/sites/inreach-af837/versions/b0285eded4ef8216:populateFiles {"files":{"/3rdpartylicenses.txt":"406c6f6b0f13f93b5949751f65deb14a734e754862e887df25876b91cbe75a73","/favicon.ico":"109b73fefcdc53efe78ee9026eb44dd4d63cffa11910ca0cbb677ba11c44f341","/firebase-messaging-sw.js":"ced49bb80379d811f099dc4c7ac78cc036d1444416779900430564ac39413e4a","/index.html":"d1d07f0f23c71debaa07fedecc55e624090b40e40af8362ec61981e4acebfbb7","/main.7cd0615edd92f6ee.js":"9aeb30d5dfa554ce4db0665d78a8170aeb803904978cfe9987f880bb1a20bdb0","/manifest.json":"b80c7cfd44e181257758fb7bb87e584c2ad324bfeffadd6bd421d1a9b7618b41","/manifest.webmanifest":"d143cf7659322a7974435006a4674a58212e5ffb81d46255a94a002ef79a2502","/ngsw-worker.js":"58af08f7c7a96ed5b4686c4bdc5bbf1bc0ea814b46b01bb0e6bbd4944b373185","/ngsw.json":"fc415ec2ef1d56f9c427d22ab46d4cabb4389aa6109eae13279dc27cdc425c50","/pin.0c94f48bc43fd638.png":"8c67f2ded4c5eec27cca9447e9a0d18b189fae9132f171187973db9ccfd2e884","/polyfills.9e93c152b1355c73.js":"63993d41c6bb3b2f4327ce90f1e639bed508ab36b862e393d2a97235b18abf64","/runtime.a6342075d35533c9.js":"91d36b1ef4863c554599c061272b795ad5c3e97c05f32eae6ce1ea2c1a7977b9","/safety-worker.js":"c6b39c5706f2a5d51e9a5de484c7aa0fdb06444572c7544f92a21fd16620ebf7","/scripts.c91eedceb4883133.js":"7aafdb0695fa7e1f431ced35ebd10c0e29768154f97439700d3784db520b6070","/styles.c871ee1039d060fe.css":"cfd400438dbf0a0a69cef781bf1d9bdbb6ee5cdb939c5a5ae2b9599daa77d5c9","/worker-basic.min.js":"c6b39c5706f2a5d51e9a5de484c7aa0fdb06444572c7544f92a21fd16620ebf7","/assets/34AD2.png":"2c87741e58ea105ecdc4dc9096c020a137d9fc6452a35e7681fc04a6bb012fbc","/assets/bg.jpg":"ebe2d65409d251f3d9bbc39ab043bae333ab621745166bed9c3890ccb812b7be","/assets/logo.png":"8d7a4141fd4a6c93c4f92c420e38fa08d79a4b1a719188cfdb70a496e898ecae","/assets/pin.png":"8c67f2ded4c5eec27cca9447e9a0d18b189fae9132f171187973db9ccfd2e884","/assets/reach-logo-white.png":"ec9f410348d5d082da49b8dd7cf4a4a0a2d581dd610841737909915e35aa8a3c","/assets/icons/icon-128x128.png":"92b217164ce7fa7a4e305149db998b0eec4107171c805c27b69b0fbe72fd407b","/assets/icons/icon-144x144.png":"db874c39d13b1caaeb2c1b479862e88392d2892aeb55cf3c8c4d3878aee26d0d","/assets/icons/icon-152x152.png":"d6e9a777f532c9c2e2ee4ae8281ff1a87d375a61f7ed3970d98f9e430b163315","/assets/icons/icon-192x192.png":"cb9dd2119d6a8ea3b520309439c29ce33bee3a8fe03d86583ebff8e300be1979","/assets/icons/icon-384x384.png":"525a112d6037049f4509cc871fd80138bae271a1789825bd444019fac1054582","/assets/icons/icon-512x512.png":"a27cb01b66bd01e1a26667502a4fa8d4b02fc9bb5bc01ef8c4f509ac1fb3c2a4","/assets/icons/icon-72x72.png":"30be84584a089450af7b203e7dc666a12d9567b8f903c464ed1a8781b8b5143d","/assets/icons/icon-96x96.png":"31570c027ff0c7fd39485717552c03bb62700e0184a8e7c28d269cfddb6aea13"}}
[debug] [2023-05-09T10:04:06.929Z] <<< [apiv2][status] POST https://firebasehosting.googleapis.com/v1beta1/projects/229176763315/sites/inreach-af837/versions/b0285eded4ef8216:populateFiles 200
[debug] [2023-05-09T10:04:06.929Z] <<< [apiv2][body] POST https://firebasehosting.googleapis.com/v1beta1/projects/229176763315/sites/inreach-af837/versions/b0285eded4ef8216:populateFiles {"uploadRequiredHashes":["9aeb30d5dfa554ce4db0665d78a8170aeb803904978cfe9987f880bb1a20bdb0"],"uploadUrl":"https://upload-firebasehosting.googleapis.com/upload/sites/inreach-af837/versions/b0285eded4ef8216/files"}
[debug] [2023-05-09T10:04:06.933Z] >>> [apiv2][query] POST https://upload-firebasehosting.googleapis.com/upload/sites/inreach-af837/versions/b0285eded4ef8216/files/9aeb30d5dfa554ce4db0665d78a8170aeb803904978cfe9987f880bb1a20bdb0 [none]
[debug] [2023-05-09T10:04:06.933Z] >>> [apiv2][body] POST https://upload-firebasehosting.googleapis.com/upload/sites/inreach-af837/versions/b0285eded4ef8216/files/9aeb30d5dfa554ce4db0665d78a8170aeb803904978cfe9987f880bb1a20bdb0 [stream]
[debug] [2023-05-09T10:04:06.937Z] [hosting][populate queue][FINAL] {"max":604,"min":604,"avg":604,"active":0,"complete":1,"success":1,"errored":0,"retried":0,"total":1,"elapsed":609}
[debug] [2023-05-09T10:04:06.937Z] [hosting] uploads queued: 1
[debug] [2023-05-09T10:05:10.800Z] [uploadQueue] Retrying task 9aeb30d5dfa554ce4db0665d78a8170aeb803904978cfe9987f880bb1a20bdb0
[debug] [2023-05-09T10:05:10.803Z] >>> [apiv2][query] POST https://upload-firebasehosting.googleapis.com/upload/sites/inreach-af837/versions/b0285eded4ef8216/files/9aeb30d5dfa554ce4db0665d78a8170aeb803904978cfe9987f880bb1a20bdb0 [none]
[debug] [2023-05-09T10:05:10.803Z] >>> [apiv2][body] POST https://upload-firebasehosting.googleapis.com/upload/sites/inreach-af837/versions/b0285eded4ef8216/files/9aeb30d5dfa554ce4db0665d78a8170aeb803904978cfe9987f880bb1a20bdb0 [stream]
[debug] [2023-05-09T10:16:42.606Z] ----------------------------------------------------------------------
[debug] [2023-05-09T10:16:42.610Z] Command:       C:\Program Files\nodejs\node.exe C:\Users\AhmedElzawawy\AppData\Roaming\npm\node_modules\firebase-tools\lib\bin\firebase.js deploy
[debug] [2023-05-09T10:16:42.611Z] CLI Version:   11.29.1
[debug] [2023-05-09T10:16:42.611Z] Platform:      win32
[debug] [2023-05-09T10:16:42.611Z] Node Version:  v18.14.2
[debug] [2023-05-09T10:16:42.612Z] Time:          Tue May 09 2023 12:16:42 GMT+0200 (Eastern European Standard Time)
[debug] [2023-05-09T10:16:42.613Z] ----------------------------------------------------------------------
[debug] 
[debug] [2023-05-09T10:16:42.711Z] > command requires scopes: ["email","openid","https://www.googleapis.com/auth/cloudplatformprojects.readonly","https://www.googleapis.com/auth/firebase","https://www.googleapis.com/auth/cloud-platform"]
[debug] [2023-05-09T10:16:42.711Z] > authorizing via signed-in user (aelzawawy45@gmail.com)
[debug] [2023-05-09T10:16:42.711Z] [iam] checking project inreach-af837 for permissions ["firebase.projects.get","firebasehosting.sites.update"]
[debug] [2023-05-09T10:16:42.713Z] > refreshing access token with scopes: []
[debug] [2023-05-09T10:16:42.715Z] >>> [apiv2][query] POST https://www.googleapis.com/oauth2/v3/token [none]
[debug] [2023-05-09T10:16:42.716Z] >>> [apiv2][body] POST https://www.googleapis.com/oauth2/v3/token [omitted]
[debug] [2023-05-09T10:16:43.017Z] <<< [apiv2][status] POST https://www.googleapis.com/oauth2/v3/token 200
[debug] [2023-05-09T10:16:43.018Z] <<< [apiv2][body] POST https://www.googleapis.com/oauth2/v3/token [omitted]
[debug] [2023-05-09T10:16:43.033Z] >>> [apiv2][query] POST https://cloudresourcemanager.googleapis.com/v1/projects/inreach-af837:testIamPermissions [none]
[debug] [2023-05-09T10:16:43.034Z] >>> [apiv2][(partial)header] POST https://cloudresourcemanager.googleapis.com/v1/projects/inreach-af837:testIamPermissions x-goog-quota-user=projects/inreach-af837
[debug] [2023-05-09T10:16:43.034Z] >>> [apiv2][body] POST https://cloudresourcemanager.googleapis.com/v1/projects/inreach-af837:testIamPermissions {"permissions":["firebase.projects.get","firebasehosting.sites.update"]}
[debug] [2023-05-09T10:16:43.926Z] <<< [apiv2][status] POST https://cloudresourcemanager.googleapis.com/v1/projects/inreach-af837:testIamPermissions 200
[debug] [2023-05-09T10:16:43.926Z] <<< [apiv2][body] POST https://cloudresourcemanager.googleapis.com/v1/projects/inreach-af837:testIamPermissions {"permissions":["firebase.projects.get","firebasehosting.sites.update"]}
[debug] [2023-05-09T10:16:43.930Z] >>> [apiv2][query] GET https://firebase.googleapis.com/v1beta1/projects/inreach-af837 [none]
[debug] [2023-05-09T10:16:44.322Z] <<< [apiv2][status] GET https://firebase.googleapis.com/v1beta1/projects/inreach-af837 200
[debug] [2023-05-09T10:16:44.322Z] <<< [apiv2][body] GET https://firebase.googleapis.com/v1beta1/projects/inreach-af837 {"projectId":"inreach-af837","projectNumber":"229176763315","displayName":"Reach","name":"projects/inreach-af837","resources":{"hostingSite":"inreach-af837"},"state":"ACTIVE","etag":"1_9b83d9a7-18b3-4a7f-97e2-4090021cb17a"}
[info] 
[info] === Deploying to 'inreach-af837'...
[info] 
[info] i  deploying hosting 
[debug] [2023-05-09T10:16:44.331Z] >>> [apiv2][query] POST https://firebasehosting.googleapis.com/v1beta1/projects/-/sites/inreach-af837/versions [none]
[debug] [2023-05-09T10:16:44.331Z] >>> [apiv2][body] POST https://firebasehosting.googleapis.com/v1beta1/projects/-/sites/inreach-af837/versions {"status":"CREATED","labels":{"deployment-tool":"cli-firebase"}}
[debug] [2023-05-09T10:16:45.687Z] <<< [apiv2][status] POST https://firebasehosting.googleapis.com/v1beta1/projects/-/sites/inreach-af837/versions 200
[debug] [2023-05-09T10:16:45.687Z] <<< [apiv2][body] POST https://firebasehosting.googleapis.com/v1beta1/projects/-/sites/inreach-af837/versions {"name":"projects/229176763315/sites/inreach-af837/versions/df2537af87f6b549","status":"CREATED","config":{},"labels":{"deployment-tool":"cli-firebase"}}
[info] i  hosting[inreach-af837]: beginning deploy... 
[info] i  hosting[inreach-af837]: found 29 files in dist/reach 
[debug] [2023-05-09T10:16:45.700Z] [hosting] uploading with 200 concurrency
[debug] [2023-05-09T10:16:45.709Z] [hosting] hash cache [ZGlzdFxyZWFjaA] stored for 29 files
[debug] [2023-05-09T10:16:45.709Z] [hosting][hash queue][FINAL] {"max":3,"min":0,"avg":0,"active":0,"complete":29,"success":29,"errored":0,"retried":0,"total":29,"elapsed":6}
[debug] [2023-05-09T10:16:45.709Z] >>> [apiv2][query] POST https://firebasehosting.googleapis.com/v1beta1/projects/229176763315/sites/inreach-af837/versions/df2537af87f6b549:populateFiles [none]
[debug] [2023-05-09T10:16:45.710Z] >>> [apiv2][body] POST https://firebasehosting.googleapis.com/v1beta1/projects/229176763315/sites/inreach-af837/versions/df2537af87f6b549:populateFiles {"files":{"/3rdpartylicenses.txt":"406c6f6b0f13f93b5949751f65deb14a734e754862e887df25876b91cbe75a73","/favicon.ico":"109b73fefcdc53efe78ee9026eb44dd4d63cffa11910ca0cbb677ba11c44f341","/firebase-messaging-sw.js":"ced49bb80379d811f099dc4c7ac78cc036d1444416779900430564ac39413e4a","/index.html":"d1d07f0f23c71debaa07fedecc55e624090b40e40af8362ec61981e4acebfbb7","/main.7cd0615edd92f6ee.js":"9aeb30d5dfa554ce4db0665d78a8170aeb803904978cfe9987f880bb1a20bdb0","/manifest.json":"b80c7cfd44e181257758fb7bb87e584c2ad324bfeffadd6bd421d1a9b7618b41","/manifest.webmanifest":"d143cf7659322a7974435006a4674a58212e5ffb81d46255a94a002ef79a2502","/ngsw-worker.js":"58af08f7c7a96ed5b4686c4bdc5bbf1bc0ea814b46b01bb0e6bbd4944b373185","/ngsw.json":"fc415ec2ef1d56f9c427d22ab46d4cabb4389aa6109eae13279dc27cdc425c50","/pin.0c94f48bc43fd638.png":"8c67f2ded4c5eec27cca9447e9a0d18b189fae9132f171187973db9ccfd2e884","/polyfills.9e93c152b1355c73.js":"63993d41c6bb3b2f4327ce90f1e639bed508ab36b862e393d2a97235b18abf64","/runtime.a6342075d35533c9.js":"91d36b1ef4863c554599c061272b795ad5c3e97c05f32eae6ce1ea2c1a7977b9","/safety-worker.js":"c6b39c5706f2a5d51e9a5de484c7aa0fdb06444572c7544f92a21fd16620ebf7","/scripts.c91eedceb4883133.js":"7aafdb0695fa7e1f431ced35ebd10c0e29768154f97439700d3784db520b6070","/styles.c871ee1039d060fe.css":"cfd400438dbf0a0a69cef781bf1d9bdbb6ee5cdb939c5a5ae2b9599daa77d5c9","/worker-basic.min.js":"c6b39c5706f2a5d51e9a5de484c7aa0fdb06444572c7544f92a21fd16620ebf7","/assets/34AD2.png":"2c87741e58ea105ecdc4dc9096c020a137d9fc6452a35e7681fc04a6bb012fbc","/assets/bg.jpg":"ebe2d65409d251f3d9bbc39ab043bae333ab621745166bed9c3890ccb812b7be","/assets/logo.png":"8d7a4141fd4a6c93c4f92c420e38fa08d79a4b1a719188cfdb70a496e898ecae","/assets/pin.png":"8c67f2ded4c5eec27cca9447e9a0d18b189fae9132f171187973db9ccfd2e884","/assets/reach-logo-white.png":"ec9f410348d5d082da49b8dd7cf4a4a0a2d581dd610841737909915e35aa8a3c","/assets/icons/icon-128x128.png":"92b217164ce7fa7a4e305149db998b0eec4107171c805c27b69b0fbe72fd407b","/assets/icons/icon-144x144.png":"db874c39d13b1caaeb2c1b479862e88392d2892aeb55cf3c8c4d3878aee26d0d","/assets/icons/icon-152x152.png":"d6e9a777f532c9c2e2ee4ae8281ff1a87d375a61f7ed3970d98f9e430b163315","/assets/icons/icon-192x192.png":"cb9dd2119d6a8ea3b520309439c29ce33bee3a8fe03d86583ebff8e300be1979","/assets/icons/icon-384x384.png":"525a112d6037049f4509cc871fd80138bae271a1789825bd444019fac1054582","/assets/icons/icon-512x512.png":"a27cb01b66bd01e1a26667502a4fa8d4b02fc9bb5bc01ef8c4f509ac1fb3c2a4","/assets/icons/icon-72x72.png":"30be84584a089450af7b203e7dc666a12d9567b8f903c464ed1a8781b8b5143d","/assets/icons/icon-96x96.png":"31570c027ff0c7fd39485717552c03bb62700e0184a8e7c28d269cfddb6aea13"}}
[debug] [2023-05-09T10:16:46.789Z] <<< [apiv2][status] POST https://firebasehosting.googleapis.com/v1beta1/projects/229176763315/sites/inreach-af837/versions/df2537af87f6b549:populateFiles 200
[debug] [2023-05-09T10:16:46.790Z] <<< [apiv2][body] POST https://firebasehosting.googleapis.com/v1beta1/projects/229176763315/sites/inreach-af837/versions/df2537af87f6b549:populateFiles {"uploadRequiredHashes":["9aeb30d5dfa554ce4db0665d78a8170aeb803904978cfe9987f880bb1a20bdb0"],"uploadUrl":"https://upload-firebasehosting.googleapis.com/upload/sites/inreach-af837/versions/df2537af87f6b549/files"}
[debug] [2023-05-09T10:16:46.794Z] >>> [apiv2][query] POST https://upload-firebasehosting.googleapis.com/upload/sites/inreach-af837/versions/df2537af87f6b549/files/9aeb30d5dfa554ce4db0665d78a8170aeb803904978cfe9987f880bb1a20bdb0 [none]
[debug] [2023-05-09T10:16:46.794Z] >>> [apiv2][body] POST https://upload-firebasehosting.googleapis.com/upload/sites/inreach-af837/versions/df2537af87f6b549/files/9aeb30d5dfa554ce4db0665d78a8170aeb803904978cfe9987f880bb1a20bdb0 [stream]
[debug] [2023-05-09T10:16:46.797Z] [hosting][populate queue][FINAL] {"max":1087,"min":1087,"avg":1087,"active":0,"complete":1,"success":1,"errored":0,"retried":0,"total":1,"elapsed":1090}
[debug] [2023-05-09T10:16:46.798Z] [hosting] uploads queued: 1
[debug] [2023-05-09T10:17:50.652Z] [uploadQueue] Retrying task 9aeb30d5dfa554ce4db0665d78a8170aeb803904978cfe9987f880bb1a20bdb0
[debug] [2023-05-09T10:17:50.655Z] >>> [apiv2][query] POST https://upload-firebasehosting.googleapis.com/upload/sites/inreach-af837/versions/df2537af87f6b549/files/9aeb30d5dfa554ce4db0665d78a8170aeb803904978cfe9987f880bb1a20bdb0 [none]
[debug] [2023-05-09T10:17:50.655Z] >>> [apiv2][body] POST https://upload-firebasehosting.googleapis.com/upload/sites/inreach-af837/versions/df2537af87f6b549/files/9aeb30d5dfa554ce4db0665d78a8170aeb803904978cfe9987f880bb1a20bdb0 [stream]
[debug] [2023-05-09T10:18:54.908Z] [uploadQueue] Retrying task 9aeb30d5dfa554ce4db0665d78a8170aeb803904978cfe9987f880bb1a20bdb0
[debug] [2023-05-09T10:18:54.909Z] >>> [apiv2][query] POST https://upload-firebasehosting.googleapis.com/upload/sites/inreach-af837/versions/df2537af87f6b549/files/9aeb30d5dfa554ce4db0665d78a8170aeb803904978cfe9987f880bb1a20bdb0 [none]
[debug] [2023-05-09T10:18:54.909Z] >>> [apiv2][body] POST https://upload-firebasehosting.googleapis.com/upload/sites/inreach-af837/versions/df2537af87f6b549/files/9aeb30d5dfa554ce4db0665d78a8170aeb803904978cfe9987f880bb1a20bdb0 [stream]
